#
# A fatal error has been detected by the Java Runtime Environment:
#
#  SIGSEGV (0xb) at pc=0x000000011a88d2df, pid=19197, tid=0x000000000000df23
#
# JRE version: Java(TM) SE Runtime Environment (8.0_161-b12) (build 1.8.0_161-b12)
# Java VM: Java HotSpot(TM) 64-Bit Server VM (25.161-b12 mixed mode bsd-amd64 compressed oops)
# Problematic frame:
# C  [libawt_lwawt.dylib+0x1c2df]  OGLSD_SetScratchSurface+0x49
#
# Failed to write core dump. Core dumps have been disabled. To enable core dumping, try "ulimit -c unlimited" before starting Java again
#
# If you would like to submit a bug report, please visit:
#   http://bugreport.java.com/bugreport/crash.jsp
# The crash happened outside the Java Virtual Machine in native code.
# See problematic frame for where to report the bug.
#

---------------  T H R E A D  ---------------

Current thread (0x00007fe7fe82e000):  JavaThread "Java2D Queue Flusher" daemon [_thread_in_native, id=57123, stack(0x0000700003a95000,0x0000700003b95000)]

siginfo: si_signo: 11 (SIGSEGV), si_code: 1 (SEGV_MAPERR), si_addr: 0x0000000000000002

Registers:
RAX=0x00000000ffffffff, RBX=0x0000000000000002, RCX=0x0000000000000047, RDX=0x000000011a8aed8c
RSP=0x0000700003b94810, RBP=0x0000700003b94830, RSI=0x00007fe7ed0660a0, RDI=0x00007fe7fe82e1f8
R8 =0x0000000000000001, R9 =0x00000000f00d0964, R10=0x000000011eb5c9f8, R11=0x0000000000000020
R12=0x0000000000000000, R13=0x0000000780684838, R14=0x00007fe7fe82e1f8, R15=0x00007fe7fe82e000
RIP=0x000000011a88d2df, EFLAGS=0x0000000000010202, ERR=0x0000000000000004
  TRAPNO=0x000000000000000e

Top of Stack: (sp=0x0000700003b94810)
0x0000700003b94810:   00007fe7ed0660a0 0000000000000000
0x0000700003b94820:   00007fe7fcc7d010 00007fe7fe82e000
0x0000700003b94830:   0000700003b948b0 000000011a8ae86a
0x0000700003b94840:   0000000000000064 00007fe7fd204f88
0x0000700003b94850:   0000700003b948b0 000000011135151e
0x0000700003b94860:   0000000000000005 00007fe7fe82e000
0x0000700003b94870:   0000000780684801 00007fe7fcc7d020
0x0000700003b94880:   0000700000b94800 00007fe7fe82e1f8
0x0000700003b94890:   0000000000000000 0000000000000000
0x0000700003b948a0:   00000000f0a585a8 00007fe7fe82e000
0x0000700003b948b0:   0000700003b94900 000000011eb5ca6a
0x0000700003b948c0:   0000000780684b08 0000700003b94908
0x0000700003b948d0:   00000001150c2428 0000000000000000
0x0000700003b948e0:   0000000000000011 0000000000000000
0x0000700003b948f0:   0000700003b94910 00000000f00d0961
0x0000700003b94900:   00000000f00d0961 0000000121251d3c
0x0000700003b94910:   0000000780684b08 0000000780684838
0x0000700003b94920:   0000000100000000 0000000780684838
0x0000700003b94930:   0000700003b94960 0000700003b949d0
0x0000700003b94940:   0000000000000001 0000000000000000
0x0000700003b94950:   0000700003b949d0 000000011d7267a7
0x0000700003b94960:   0000000780684ed0 0000000780694d98
0x0000700003b94970:   0000700000001fa0 000000000000000a
0x0000700003b94980:   00007fe7fe82e000 0000000000000001
0x0000700003b94990:   000000011d72671f 000000011aa41a88
0x0000700003b949a0:   0000700003b94a68 0000700003b94d00
0x0000700003b949b0:   000000010000000a 000000011aa41a88
0x0000700003b949c0:   000000011d739ae0 0000700003b94c70
0x0000700003b949d0:   0000700003b94b80 00000001112ef9aa
0x0000700003b949e0:   0000700000000001 00007fe7fe82e000
0x0000700003b949f0:   00007fe7fe82e000 0000700003b94d00
0x0000700003b94a00:   00007fe7fd204f80 000000011d739ae0 

Instructions: (pc=0x000000011a88d2df)
0x000000011a88d2bf:   c0 e9 82 00 00 00 48 8b 5e 10 48 85 db 75 0e bf
0x000000011a88d2cf:   01 00 00 00 48 8d 15 1e 95 03 00 eb d6 49 89 fe
0x000000011a88d2df:   4c 8b 3b 30 c0 e8 a7 bc 02 00 49 8b 3f 49 89 c4
0x000000011a88d2ef:   48 8b 35 f2 25 06 00 30 c0 e8 f5 bd 02 00 48 85 

Register to memory mapping:

RAX=0x00000000ffffffff is an unknown value
RBX=0x0000000000000002 is an unknown value
RCX=0x0000000000000047 is an unknown value
RDX=0x000000011a8aed8c: Java_sun_java2d_opengl_OGLRenderQueue_flushBuffer+0xb5c in /Library/Java/JavaVirtualMachines/jdk1.8.0_161.jdk/Contents/Home/jre/lib/libawt_lwawt.dylib at 0x000000011a871000
RSP=0x0000700003b94810 is pointing into the stack for thread: 0x00007fe7fe82e000
RBP=0x0000700003b94830 is pointing into the stack for thread: 0x00007fe7fe82e000
RSI=0x00007fe7ed0660a0 is an unknown value
RDI=0x00007fe7fe82e1f8 is an unknown value
R8 =0x0000000000000001 is an unknown value
R9 =0x00000000f00d0964 is an unknown value
R10=0x000000011eb5c9f8 is at entry_point+56 in (nmethod*)0x000000011eb5c850
R11=0x0000000000000020 is an unknown value
R12=0x0000000000000000 is an unknown value
R13=0x0000000780684838 is an oop
sun.java2d.opengl.OGLRenderQueue$QueueFlusher 
 - klass: 'sun/java2d/opengl/OGLRenderQueue$QueueFlusher'
R14=0x00007fe7fe82e1f8 is an unknown value
R15=0x00007fe7fe82e000 is a thread


Stack: [0x0000700003a95000,0x0000700003b95000],  sp=0x0000700003b94810,  free space=1022k
Native frames: (J=compiled Java code, j=interpreted, Vv=VM code, C=native code)
C  [libawt_lwawt.dylib+0x1c2df]  OGLSD_SetScratchSurface+0x49
C  [libawt_lwawt.dylib+0x3d86a]  Java_sun_java2d_opengl_OGLRenderQueue_flushBuffer+0x63a
J 8367  sun.java2d.opengl.OGLRenderQueue.flushBuffer(JI)V (0 bytes) @ 0x000000011eb5ca6a [0x000000011eb5c9c0+0xaa]
J 26400% C2 sun.java2d.opengl.OGLRenderQueue$QueueFlusher.run()V (234 bytes) @ 0x0000000121251d3c [0x0000000121251b20+0x21c]
v  ~StubRoutines::call_stub
V  [libjvm.dylib+0x2ef9aa]  JavaCalls::call_helper(JavaValue*, methodHandle*, JavaCallArguments*, Thread*)+0x6ae
V  [libjvm.dylib+0x2f014e]  JavaCalls::call_virtual(JavaValue*, KlassHandle, Symbol*, Symbol*, JavaCallArguments*, Thread*)+0x164
V  [libjvm.dylib+0x2f02fa]  JavaCalls::call_virtual(JavaValue*, Handle, KlassHandle, Symbol*, Symbol*, Thread*)+0x4a
V  [libjvm.dylib+0x34aae5]  thread_entry(JavaThread*, Thread*)+0x7c
V  [libjvm.dylib+0x56edef]  JavaThread::thread_main_inner()+0x9b
V  [libjvm.dylib+0x5704ea]  JavaThread::run()+0x1c2
V  [libjvm.dylib+0x48d83a]  java_start(Thread*)+0xf6
C  [libsystem_pthread.dylib+0x3661]  _pthread_body+0x154
C  [libsystem_pthread.dylib+0x350d]  _pthread_body+0x0
C  [libsystem_pthread.dylib+0x2bf9]  thread_start+0xd
C  0x0000000000000000

Java frames: (J=compiled Java code, j=interpreted, Vv=VM code)
J 8367  sun.java2d.opengl.OGLRenderQueue.flushBuffer(JI)V (0 bytes) @ 0x000000011eb5c9f8 [0x000000011eb5c9c0+0x38]
J 26400% C2 sun.java2d.opengl.OGLRenderQueue$QueueFlusher.run()V (234 bytes) @ 0x0000000121251d3c [0x0000000121251b20+0x21c]
v  ~StubRoutines::call_stub

---------------  P R O C E S S  ---------------

Java Threads: ( => current thread )
  0x00007fe806e5b000 JavaThread "JobScheduler FJ pool 0/8" daemon [_thread_blocked, id=152243, stack(0x0000700003906000,0x0000700003a06000)]
  0x00007fe809906000 JavaThread "SwingWorker-pool-2-thread-1" daemon [_thread_blocked, id=96279, stack(0x0000700004e54000,0x0000700004f54000)]
  0x00007fe7fb9d0000 JavaThread "pool-1-thread-5" [_thread_blocked, id=116507, stack(0x0000700005afb000,0x0000700005bfb000)]
  0x00007fe80a7e9800 JavaThread "pool-1-thread-4" [_thread_blocked, id=88899, stack(0x00007000059f8000,0x0000700005af8000)]
  0x00007fe80682e000 JavaThread "pool-1-thread-3" [_thread_blocked, id=98571, stack(0x00007000058f5000,0x00007000059f5000)]
  0x00007fe8079ae000 JavaThread "pool-1-thread-2" [_thread_blocked, id=53803, stack(0x00007000020b8000,0x00007000021b8000)]
  0x00007fe8071bc000 JavaThread "pool-1-thread-1" [_thread_blocked, id=125075, stack(0x00007000052dd000,0x00007000053dd000)]
  0x00007fe806b1b000 JavaThread "jTDS TimerThread" daemon [_thread_blocked, id=123663, stack(0x0000700005566000,0x0000700005666000)]
  0x00007fe7feb0e800 JavaThread "DestroyJavaVM" [_thread_blocked, id=5635, stack(0x00007000021be000,0x00007000022be000)]
  0x00007fe7ff35d000 JavaThread "FS Synchronizer" daemon [_thread_blocked, id=85283, stack(0x00007000050d7000,0x00007000051d7000)]
  0x00007fe7ff159000 JavaThread "Animations" daemon [_thread_blocked, id=129543, stack(0x0000700003780000,0x0000700003880000)]
  0x00007fe7fc537000 JavaThread "ApplicationImpl pooled thread 3" [_thread_blocked, id=126723, stack(0x0000700004ac5000,0x0000700004bc5000)]
  0x00007fe7ffb0f800 JavaThread "ApplicationImpl pooled thread 2" [_thread_blocked, id=91139, stack(0x00007000049c2000,0x0000700004ac2000)]
  0x00007fe804921000 JavaThread "TimerQueue" daemon [_thread_blocked, id=90627, stack(0x00007000048bf000,0x00007000049bf000)]
  0x00007fe7fcff7000 JavaThread "ApplicationImpl pooled thread 1" [_thread_blocked, id=126979, stack(0x00007000047bc000,0x00007000048bc000)]
  0x00007fe7fc952000 JavaThread "Alarm pool(shared)" daemon [_thread_blocked, id=127491, stack(0x00007000046b9000,0x00007000047b9000)]
  0x00007fe7fc96b000 JavaThread "Document commit thread" daemon [_thread_blocked, id=127747, stack(0x00007000045b6000,0x00007000046b6000)]
  0x00007fe7fcc8d000 JavaThread "Timer-0" daemon [_thread_blocked, id=128771, stack(0x00007000044b3000,0x00007000045b3000)]
  0x00007fe7fe93f800 JavaThread "Abandoned connection cleanup thread" daemon [_thread_blocked, id=89363, stack(0x00007000043b0000,0x00007000044b0000)]
  0x00007fe7ff0de000 JavaThread "garbage master" [_thread_blocked, id=87331, stack(0x00007000042ad000,0x00007000043ad000)]
  0x00007fe7fdaee000 JavaThread "FocusManager timer" daemon [_thread_blocked, id=66051, stack(0x00007000041aa000,0x00007000042aa000)]
  0x00007fe7fb4ef000 JavaThread "Shared SimpleTimer" daemon [_thread_blocked, id=65403, stack(0x00007000040a7000,0x00007000041a7000)]
  0x00007fe7fff6d800 JavaThread "Flushing thread" daemon [_thread_blocked, id=70067, stack(0x0000700003fa4000,0x00007000040a4000)]
  0x00007fe7fc2d5800 JavaThread "Periodic tasks thread" daemon [_thread_blocked, id=70923, stack(0x0000700003c9b000,0x0000700003d9b000)]
  0x00007fe7ffd8d000 JavaThread "AWT-EventQueue-0 IDEA 15.0.4#IC-143.SNAPSHOT IDEA, eap:true, os:Mac OS X 10.13.5, java-version:Oracle Corporation 1.8.0_161-b12" [_thread_blocked, id=61187, stack(0x0000700003ea1000,0x0000700003fa1000)]
  0x00007fe7ffabc800 JavaThread "Java2D Disposer" daemon [_thread_blocked, id=57359, stack(0x0000700003b98000,0x0000700003c98000)]
=>0x00007fe7fe82e000 JavaThread "Java2D Queue Flusher" daemon [_thread_in_native, id=57123, stack(0x0000700003a95000,0x0000700003b95000)]
  0x00007fe7ff06b000 JavaThread "AWT-Shutdown" [_thread_blocked, id=37675, stack(0x000070000357a000,0x000070000367a000)]
  0x00007fe7fba54000 JavaThread "AWT-AppKit" daemon [_thread_blocked, id=775, stack(0x00007ffedf5d9000,0x00007ffedfdd9000)]
  0x00007fe7fc828000 JavaThread "Service Thread" daemon [_thread_blocked, id=16387, stack(0x00007000032f1000,0x00007000033f1000)]
  0x00007fe7fb827800 JavaThread "C1 CompilerThread3" daemon [_thread_blocked, id=15875, stack(0x00007000031ee000,0x00007000032ee000)]
  0x00007fe7fc827800 JavaThread "C2 CompilerThread2" daemon [_thread_in_vm, id=15363, stack(0x00007000030eb000,0x00007000031eb000)]
  0x00007fe7fc81e800 JavaThread "C2 CompilerThread1" daemon [_thread_blocked, id=17411, stack(0x0000700002fe8000,0x00007000030e8000)]
  0x00007fe7fb051800 JavaThread "C2 CompilerThread0" daemon [_thread_blocked, id=14851, stack(0x0000700002ee5000,0x0000700002fe5000)]
  0x00007fe7fb051000 JavaThread "Signal Dispatcher" daemon [_thread_blocked, id=18183, stack(0x0000700002de2000,0x0000700002ee2000)]
  0x00007fe7fb04f800 JavaThread "Finalizer" daemon [_thread_blocked, id=12803, stack(0x0000700002cdf000,0x0000700002ddf000)]
  0x00007fe7fb04e800 JavaThread "Reference Handler" daemon [_thread_blocked, id=19971, stack(0x0000700002bdc000,0x0000700002cdc000)]

Other Threads:
  0x00007fe7fb04a000 VMThread [stack: 0x0000700002ad9000,0x0000700002bd9000] [id=12291]
  0x00007fe7fb037000 WatcherThread [stack: 0x00007000033f4000,0x00007000034f4000] [id=17155]

VM state:not at safepoint (normal execution)

VM Mutex/Monitor currently owned by a thread:  ([mutex/lock_event])
[0x00007fe7fad11fe0] Compile_lock - owner thread: 0x00007fe7fc827800

Heap:
 PSYoungGen      total 69632K, used 15144K [0x00000007aab00000, 0x00000007af980000, 0x00000007c0000000)
  eden space 61952K, 12% used [0x00000007aab00000,0x00000007ab28f9b0,0x00000007ae780000)
  from space 7680K, 96% used [0x00000007af080000,0x00000007af7ba7a0,0x00000007af800000)
  to   space 9216K, 0% used [0x00000007ae780000,0x00000007ae780000,0x00000007af080000)
 ParOldGen       total 174080K, used 118849K [0x0000000780000000, 0x000000078aa00000, 0x00000007aab00000)
  object space 174080K, 68% used [0x0000000780000000,0x00000007874105f0,0x000000078aa00000)
 Metaspace       used 116657K, capacity 117696K, committed 118784K, reserved 1150976K
  class space    used 16284K, capacity 16513K, committed 16640K, reserved 1048576K

Card table byte_map: [0x000000011236e000,0x000000011256f000] byte_map_base: 0x000000010e76e000

Marking Bits: (ParMarkBitMap*) 0x00000001118f76c0
 Begin Bits: [0x00000001126c5000, 0x00000001136c5000)
 End Bits:   [0x00000001136c5000, 0x00000001146c5000)

Polling page: 0x000000010feac000

CodeCache: size=245760Kb used=87498Kb max_used=87518Kb free=158261Kb
 bounds [0x000000011d726000, 0x0000000122d56000, 0x000000012c726000]
 total_blobs=21685 nmethods=20624 adapters=965
 compilation: enabled

Compilation events (10 events):
Event: 231693.979 Thread 0x00007fe7fc827800 nmethod 29364 0x0000000122d10e10 code [0x0000000122d10f60, 0x0000000122d11098]
Event: 231694.010 Thread 0x00007fe7fb051800 nmethod 29362 0x000000011e7cc9d0 code [0x000000011e7ccb40, 0x000000011e7cce08]
Event: 231694.015 Thread 0x00007fe7fc81e800 nmethod 29363 0x000000011e5ae1d0 code [0x000000011e5ae3a0, 0x000000011e5aec58]
Event: 231841.738 Thread 0x00007fe7fb827800 29365       3       com.intellij.openapi.editor.impl.EditorImpl$11::focusGained (142 bytes)
Event: 231841.807 Thread 0x00007fe7fb827800 nmethod 29365 0x00000001214a9d50 code [0x00000001214aa040, 0x00000001214aaf98]
Event: 231842.111 Thread 0x00007fe7fb827800 29366       3       com.intellij.openapi.editor.impl.EditorImpl::access$4200 (5 bytes)
Event: 231842.111 Thread 0x00007fe7fb827800 nmethod 29366 0x000000011ed19150 code [0x000000011ed192c0, 0x000000011ed19428]
Event: 234016.544 Thread 0x00007fe7fc827800 29368       4       java.awt.event.InvocationEvent::<init> (13 bytes)
Event: 234016.617 Thread 0x00007fe7fc827800 nmethod 29368 0x000000011e890790 code [0x000000011e890900, 0x000000011e890ad8]
Event: 248524.912 Thread 0x00007fe7fc827800 29369       4       javax.swing.text.PlainView::paint (455 bytes)

GC Heap History (10 events):
Event: 239917.463 GC heap before
{Heap before GC invocations=451 (full 41):
 PSYoungGen      total 70144K, used 69952K [0x00000007aab00000, 0x00000007b0000000, 0x00000007c0000000)
  eden space 69632K, 100% used [0x00000007aab00000,0x00000007aef00000,0x00000007aef00000)
  from space 512K, 62% used [0x00000007af080000,0x00000007af0d0000,0x00000007af100000)
  to   space 8704K, 0% used [0x00000007af780000,0x00000007af780000,0x00000007b0000000)
 ParOldGen       total 174080K, used 118849K [0x0000000780000000, 0x000000078aa00000, 0x00000007aab00000)
  object space 174080K, 68% used [0x0000000780000000,0x00000007874105f0,0x000000078aa00000)
 Metaspace       used 116657K, capacity 117696K, committed 118784K, reserved 1150976K
  class space    used 16284K, capacity 16513K, committed 16640K, reserved 1048576K
Event: 239917.570 GC heap after
Heap after GC invocations=451 (full 41):
 PSYoungGen      total 75264K, used 320K [0x00000007aab00000, 0x00000007afe80000, 0x00000007c0000000)
  eden space 68096K, 0% used [0x00000007aab00000,0x00000007aab00000,0x00000007aed80000)
  from space 7168K, 4% used [0x00000007af780000,0x00000007af7d0010,0x00000007afe80000)
  to   space 8704K, 0% used [0x00000007aed80000,0x00000007aed80000,0x00000007af600000)
 ParOldGen       total 174080K, used 118849K [0x0000000780000000, 0x000000078aa00000, 0x00000007aab00000)
  object space 174080K, 68% used [0x0000000780000000,0x00000007874105f0,0x000000078aa00000)
 Metaspace       used 116657K, capacity 117696K, committed 118784K, reserved 1150976K
  class space    used 16284K, capacity 16513K, committed 16640K, reserved 1048576K
}
Event: 242363.940 GC heap before
{Heap before GC invocations=452 (full 41):
 PSYoungGen      total 75264K, used 68416K [0x00000007aab00000, 0x00000007afe80000, 0x00000007c0000000)
  eden space 68096K, 100% used [0x00000007aab00000,0x00000007aed80000,0x00000007aed80000)
  from space 7168K, 4% used [0x00000007af780000,0x00000007af7d0010,0x00000007afe80000)
  to   space 8704K, 0% used [0x00000007aed80000,0x00000007aed80000,0x00000007af600000)
 ParOldGen       total 174080K, used 118849K [0x0000000780000000, 0x000000078aa00000, 0x00000007aab00000)
  object space 174080K, 68% used [0x0000000780000000,0x00000007874105f0,0x000000078aa00000)
 Metaspace       used 116657K, capacity 117696K, committed 118784K, reserved 1150976K
  class space    used 16284K, capacity 16513K, committed 16640K, reserved 1048576K
Event: 242364.057 GC heap after
Heap after GC invocations=452 (full 41):
 PSYoungGen      total 67072K, used 320K [0x00000007aab00000, 0x00000007afc00000, 0x00000007c0000000)
  eden space 66560K, 0% used [0x00000007aab00000,0x00000007aab00000,0x00000007aec00000)
  from space 512K, 62% used [0x00000007aed80000,0x00000007aedd0000,0x00000007aee00000)
  to   space 8192K, 0% used [0x00000007af400000,0x00000007af400000,0x00000007afc00000)
 ParOldGen       total 174080K, used 118849K [0x0000000780000000, 0x000000078aa00000, 0x00000007aab00000)
  object space 174080K, 68% used [0x0000000780000000,0x00000007874105f0,0x000000078aa00000)
 Metaspace       used 116657K, capacity 117696K, committed 118784K, reserved 1150976K
  class space    used 16284K, capacity 16513K, committed 16640K, reserved 1048576K
}
Event: 244782.998 GC heap before
{Heap before GC invocations=453 (full 41):
 PSYoungGen      total 67072K, used 66880K [0x00000007aab00000, 0x00000007afc00000, 0x00000007c0000000)
  eden space 66560K, 100% used [0x00000007aab00000,0x00000007aec00000,0x00000007aec00000)
  from space 512K, 62% used [0x00000007aed80000,0x00000007aedd0000,0x00000007aee00000)
  to   space 8192K, 0% used [0x00000007af400000,0x00000007af400000,0x00000007afc00000)
 ParOldGen       total 174080K, used 118849K [0x0000000780000000, 0x000000078aa00000, 0x00000007aab00000)
  object space 174080K, 68% used [0x0000000780000000,0x00000007874105f0,0x000000078aa00000)
 Metaspace       used 116657K, capacity 117696K, committed 118784K, reserved 1150976K
  class space    used 16284K, capacity 16513K, committed 16640K, reserved 1048576K
Event: 244783.195 GC heap after
Heap after GC invocations=453 (full 41):
 PSYoungGen      total 70656K, used 320K [0x00000007aab00000, 0x00000007af980000, 0x00000007c0000000)
  eden space 65024K, 0% used [0x00000007aab00000,0x00000007aab00000,0x00000007aea80000)
  from space 5632K, 5% used [0x00000007af400000,0x00000007af450010,0x00000007af980000)
  to   space 7680K, 0% used [0x00000007aea80000,0x00000007aea80000,0x00000007af200000)
 ParOldGen       total 174080K, used 118849K [0x0000000780000000, 0x000000078aa00000, 0x00000007aab00000)
  object space 174080K, 68% used [0x0000000780000000,0x00000007874105f0,0x000000078aa00000)
 Metaspace       used 116657K, capacity 117696K, committed 118784K, reserved 1150976K
  class space    used 16284K, capacity 16513K, committed 16640K, reserved 1048576K
}
Event: 247184.462 GC heap before
{Heap before GC invocations=454 (full 41):
 PSYoungGen      total 70656K, used 65344K [0x00000007aab00000, 0x00000007af980000, 0x00000007c0000000)
  eden space 65024K, 100% used [0x00000007aab00000,0x00000007aea80000,0x00000007aea80000)
  from space 5632K, 5% used [0x00000007af400000,0x00000007af450010,0x00000007af980000)
  to   space 7680K, 0% used [0x00000007aea80000,0x00000007aea80000,0x00000007af200000)
 ParOldGen       total 174080K, used 118849K [0x0000000780000000, 0x000000078aa00000, 0x00000007aab00000)
  object space 174080K, 68% used [0x0000000780000000,0x00000007874105f0,0x000000078aa00000)
 Metaspace       used 116657K, capacity 117696K, committed 118784K, reserved 1150976K
  class space    used 16284K, capacity 16513K, committed 16640K, reserved 1048576K
Event: 247184.571 GC heap after
Heap after GC invocations=454 (full 41):
 PSYoungGen      total 64000K, used 320K [0x00000007aab00000, 0x00000007af800000, 0x00000007c0000000)
  eden space 63488K, 0% used [0x00000007aab00000,0x00000007aab00000,0x00000007ae900000)
  from space 512K, 62% used [0x00000007aea80000,0x00000007aead0010,0x00000007aeb00000)
  to   space 7680K, 0% used [0x00000007af080000,0x00000007af080000,0x00000007af800000)
 ParOldGen       total 174080K, used 118849K [0x0000000780000000, 0x000000078aa00000, 0x00000007aab00000)
  object space 174080K, 68% used [0x0000000780000000,0x00000007874105f0,0x000000078aa00000)
 Metaspace       used 116657K, capacity 117696K, committed 118784K, reserved 1150976K
  class space    used 16284K, capacity 16513K, committed 16640K, reserved 1048576K
}
Event: 248525.033 GC heap before
{Heap before GC invocations=455 (full 41):
 PSYoungGen      total 64000K, used 59065K [0x00000007aab00000, 0x00000007af800000, 0x00000007c0000000)
  eden space 63488K, 92% used [0x00000007aab00000,0x00000007ae45e590,0x00000007ae900000)
  from space 512K, 62% used [0x00000007aea80000,0x00000007aead0010,0x00000007aeb00000)
  to   space 7680K, 0% used [0x00000007af080000,0x00000007af080000,0x00000007af800000)
 ParOldGen       total 174080K, used 118849K [0x0000000780000000, 0x000000078aa00000, 0x00000007aab00000)
  object space 174080K, 68% used [0x0000000780000000,0x00000007874105f0,0x000000078aa00000)
 Metaspace       used 116657K, capacity 117696K, committed 118784K, reserved 1150976K
  class space    used 16284K, capacity 16513K, committed 16640K, reserved 1048576K
Event: 248525.282 GC heap after
Heap after GC invocations=455 (full 41):
 PSYoungGen      total 69632K, used 7401K [0x00000007aab00000, 0x00000007af980000, 0x00000007c0000000)
  eden space 61952K, 0% used [0x00000007aab00000,0x00000007aab00000,0x00000007ae780000)
  from space 7680K, 96% used [0x00000007af080000,0x00000007af7ba7a0,0x00000007af800000)
  to   space 9216K, 0% used [0x00000007ae780000,0x00000007ae780000,0x00000007af080000)
 ParOldGen       total 174080K, used 118849K [0x0000000780000000, 0x000000078aa00000, 0x00000007aab00000)
  object space 174080K, 68% used [0x0000000780000000,0x00000007874105f0,0x000000078aa00000)
 Metaspace       used 116657K, capacity 117696K, committed 118784K, reserved 1150976K
  class space    used 16284K, capacity 16513K, committed 16640K, reserved 1048576K
}

Deoptimization events (10 events):
Event: 179527.980 Thread 0x00007fe7ffd8d000 Uncommon trap: reason=unstable_if action=reinterpret pc=0x000000012267e7ac method=com.intellij.openapi.fileEditor.impl.text.TextEditorComponent.getData(Ljava/lang/String;)Ljava/lang/Object; @ 72
Event: 179527.983 Thread 0x00007fe7ffd8d000 Uncommon trap: reason=unstable_if action=reinterpret pc=0x0000000121fe9784 method=com.intellij.openapi.command.impl.UndoManagerImpl.commandStarted(Lcom/intellij/openapi/command/UndoConfirmationPolicy;Z)V @ 141
Event: 179527.998 Thread 0x00007fe7ffd8d000 Uncommon trap: reason=predicate action=maybe_recompile pc=0x000000011f93faf4 method=java.util.LinkedList.remove(Ljava/lang/Object;)Z @ 48
Event: 208513.270 Thread 0x00007fe7ffd8d000 Uncommon trap: reason=class_check action=maybe_recompile pc=0x00000001222a8fb0 method=sun.awt.image.ImageCache.setImage(Lsun/awt/image/ImageCache$PixelsKey;Ljava/awt/Image;)V @ 58
Event: 210010.179 Thread 0x00007fe7ffd8d000 Uncommon trap: reason=unstable_if action=reinterpret pc=0x000000011f04b324 method=com.common.ui.tree.Bjph.getTreeCellRendererComponent(Ljavax/swing/JTree;Ljava/lang/Object;ZZZIZ)Ljava/awt/Component; @ 236
Event: 210010.185 Thread 0x00007fe7ffd8d000 Uncommon trap: reason=unstable_if action=reinterpret pc=0x0000000122a2df5c method=fuck.Ebxy.getIcon()Ljavax/swing/ImageIcon; @ 81
Event: 210022.018 Thread 0x00007fe7ffd8d000 Uncommon trap: reason=unstable_if action=reinterpret pc=0x000000011e3de838 method=com.common.ui.tree.Ehkj.mouseMoved(Ljava/awt/event/MouseEvent;)V @ 10
Event: 210058.507 Thread 0x00007fe7ffd8d000 Uncommon trap: reason=null_check action=make_not_entrant pc=0x0000000122b050d0 method=com.intellij.codeInsight.daemon.impl.DaemonListeners$MyCommandListener.commandStarted(Lcom/intellij/openapi/command/CommandEvent;)V @ 42
Event: 210058.514 Thread 0x00007fe7ffd8d000 Uncommon trap: reason=predicate action=maybe_recompile pc=0x000000011f134f10 method=com.intellij.util.containers.Queue.process(Lcom/intellij/util/Processor;)Z @ 137
Event: 210058.521 Thread 0x00007fe7fca3a800 Uncommon trap: reason=class_check action=maybe_recompile pc=0x0000000122767820 method=sun.reflect.DelegatingConstructorAccessorImpl.newInstance([Ljava/lang/Object;)Ljava/lang/Object; @ 5

Classes redefined (0 events):
No events

Internal exceptions (10 events):
Event: 210514.978 Thread 0x00007fe7ffd8d000 Exception <a 'java/lang/NoClassDefFoundError': Could not initialize class com.jogamp.opengl.GLProfile> (0x00000007af5477e0) thrown at [/Users/java_re/workspace/8-2-build-macosx-x86_64/jdk8u161/10277/hotspot/src/share/vm/oops/instanceKlass.cpp, line 879]
Event: 210514.995 Thread 0x00007fe7fc7a7800 Exception <a 'java/lang/InterruptedException': sleep interrupted> (0x00000007af007ef0) thrown at [/Users/java_re/workspace/8-2-build-macosx-x86_64/jdk8u161/10277/hotspot/src/share/vm/prims/jvm.cpp, line 3228]
Event: 210515.163 Thread 0x00007fe806d79000 Exception <a 'java/lang/InterruptedException': sleep interrupted> (0x00000007aeff2910) thrown at [/Users/java_re/workspace/8-2-build-macosx-x86_64/jdk8u161/10277/hotspot/src/share/vm/prims/jvm.cpp, line 3228]
Event: 210521.666 Thread 0x00007fe7fb04f800 Implicit null exception at 0x000000011f560574 to 0x000000011f560756
Event: 210521.666 Thread 0x00007fe7fb04f800 Exception <a 'java/lang/NullPointerException'> (0x00000007aaca3ef8) thrown at [/Users/java_re/workspace/8-2-build-macosx-x86_64/jdk8u161/10277/hotspot/src/share/vm/runtime/sharedRuntime.cpp, line 605]
Event: 210529.399 Thread 0x00007fe7ffd8d000 Exception <a 'java/lang/NoSuchMethodError': <clinit>> (0x00000007aafe3bd8) thrown at [/Users/java_re/workspace/8-2-build-macosx-x86_64/jdk8u161/10277/hotspot/src/share/vm/prims/jni.cpp, line 1613]
Event: 210529.400 Thread 0x00007fe7ffd8d000 Exception <a 'java/lang/NoSuchMethodError': <clinit>> (0x00000007aafe77f0) thrown at [/Users/java_re/workspace/8-2-build-macosx-x86_64/jdk8u161/10277/hotspot/src/share/vm/prims/jni.cpp, line 1613]
Event: 210553.612 Thread 0x00007fe8071c5800 Exception <a 'java/lang/InterruptedException': sleep interrupted> (0x00000007abec0db0) thrown at [/Users/java_re/workspace/8-2-build-macosx-x86_64/jdk8u161/10277/hotspot/src/share/vm/prims/jvm.cpp, line 3180]
Event: 210554.027 Thread 0x00007fe7fc57f800 Exception <a 'java/lang/InterruptedException': sleep interrupted> (0x00000007abed7190) thrown at [/Users/java_re/workspace/8-2-build-macosx-x86_64/jdk8u161/10277/hotspot/src/share/vm/prims/jvm.cpp, line 3228]
Event: 210554.190 Thread 0x00007fe8071c5800 Exception <a 'java/lang/InterruptedException': sleep interrupted> (0x00000007abecd510) thrown at [/Users/java_re/workspace/8-2-build-macosx-x86_64/jdk8u161/10277/hotspot/src/share/vm/prims/jvm.cpp, line 3228]

Events (10 events):
Event: 248495.420 Thread 0x00007fe7fe2be800 Thread added: 0x00007fe7fe2be800
Event: 248495.420 Executing VM operation: RevokeBias
Event: 248495.420 Executing VM operation: RevokeBias done
Event: 248495.421 Thread 0x00007fe7fe1b7800 Thread exited: 0x00007fe7fe1b7800
Event: 248511.434 Thread 0x00007fe806e5b000 Thread added: 0x00007fe806e5b000
Event: 248511.434 Executing VM operation: RevokeBias
Event: 248511.434 Executing VM operation: RevokeBias done
Event: 248511.434 Thread 0x00007fe7fe2be800 Thread exited: 0x00007fe7fe2be800
Event: 248524.932 Executing VM operation: ParallelGCFailedAllocation
Event: 248525.282 Executing VM operation: ParallelGCFailedAllocation done


Dynamic libraries:
0x00000000230de000 	/System/Library/Frameworks/Cocoa.framework/Versions/A/Cocoa
0x00000000230de000 	/System/Library/Frameworks/Security.framework/Versions/A/Security
0x00000000230de000 	/System/Library/Frameworks/ApplicationServices.framework/Versions/A/ApplicationServices
0x00000000230de000 	/usr/lib/libz.1.dylib
0x00000000230de000 	/usr/lib/libSystem.B.dylib
0x00000000230de000 	/usr/lib/libobjc.A.dylib
0x00000000230de000 	/System/Library/Frameworks/CoreFoundation.framework/Versions/A/CoreFoundation
0x00000000230de000 	/System/Library/Frameworks/Foundation.framework/Versions/C/Foundation
0x00000000230de000 	/System/Library/Frameworks/AppKit.framework/Versions/C/AppKit
0x00000000230de000 	/System/Library/Frameworks/CoreData.framework/Versions/A/CoreData
0x00000000230de000 	/System/Library/PrivateFrameworks/RemoteViewServices.framework/Versions/A/RemoteViewServices
0x00000000230de000 	/System/Library/PrivateFrameworks/UIFoundation.framework/Versions/A/UIFoundation
0x00000000230de000 	/System/Library/PrivateFrameworks/DFRFoundation.framework/Versions/A/DFRFoundation
0x00000000230de000 	/System/Library/Frameworks/Metal.framework/Versions/A/Metal
0x00000000230de000 	/System/Library/PrivateFrameworks/DesktopServicesPriv.framework/Versions/A/DesktopServicesPriv
0x00000000230de000 	/usr/lib/libenergytrace.dylib
0x00000000230de000 	/System/Library/PrivateFrameworks/SkyLight.framework/Versions/A/SkyLight
0x00000000230de000 	/System/Library/Frameworks/CoreGraphics.framework/Versions/A/CoreGraphics
0x00000000230de000 	/usr/lib/libScreenReader.dylib
0x00000000230de000 	/System/Library/Frameworks/Accelerate.framework/Versions/A/Accelerate
0x00000000230de000 	/System/Library/Frameworks/IOSurface.framework/Versions/A/IOSurface
0x00000000230de000 	/System/Library/Frameworks/AudioToolbox.framework/Versions/A/AudioToolbox
0x00000000230de000 	/System/Library/Frameworks/AudioUnit.framework/Versions/A/AudioUnit
0x00000000230de000 	/System/Library/PrivateFrameworks/DataDetectorsCore.framework/Versions/A/DataDetectorsCore
0x00000000230de000 	/System/Library/Frameworks/Carbon.framework/Versions/A/Frameworks/HIToolbox.framework/Versions/A/HIToolbox
0x00000000230de000 	/usr/lib/libicucore.A.dylib
0x00000000230de000 	/System/Library/Frameworks/QuartzCore.framework/Versions/A/QuartzCore
0x00000000230de000 	/System/Library/PrivateFrameworks/SignpostNotification.framework/Versions/A/SignpostNotification
0x00000000230de000 	/System/Library/Frameworks/Carbon.framework/Versions/A/Frameworks/SpeechRecognition.framework/Versions/A/SpeechRecognition
0x00000000230de000 	/usr/lib/libauto.dylib
0x00000000230de000 	/usr/lib/libxml2.2.dylib
0x00000000230de000 	/System/Library/PrivateFrameworks/CoreUI.framework/Versions/A/CoreUI
0x00000000230de000 	/System/Library/Frameworks/CoreAudio.framework/Versions/A/CoreAudio
0x00000000230de000 	/System/Library/Frameworks/DiskArbitration.framework/Versions/A/DiskArbitration
0x00000000230de000 	/usr/lib/liblangid.dylib
0x00000000230de000 	/System/Library/PrivateFrameworks/MultitouchSupport.framework/Versions/A/MultitouchSupport
0x00000000230de000 	/System/Library/Frameworks/IOKit.framework/Versions/A/IOKit
0x00000000230de000 	/usr/lib/libDiagnosticMessagesClient.dylib
0x00000000230de000 	/System/Library/Frameworks/CoreServices.framework/Versions/A/CoreServices
0x00000000230de000 	/System/Library/PrivateFrameworks/PerformanceAnalysis.framework/Versions/A/PerformanceAnalysis
0x00000000230de000 	/System/Library/Frameworks/OpenGL.framework/Versions/A/OpenGL
0x00000000230de000 	/System/Library/Frameworks/ColorSync.framework/Versions/A/ColorSync
0x00000000230de000 	/System/Library/Frameworks/CoreImage.framework/Versions/A/CoreImage
0x00000000230de000 	/System/Library/Frameworks/CoreText.framework/Versions/A/CoreText
0x00000000230de000 	/System/Library/Frameworks/ImageIO.framework/Versions/A/ImageIO
0x00000000230de000 	/System/Library/PrivateFrameworks/Backup.framework/Versions/A/Backup
0x00000000230de000 	/usr/lib/libarchive.2.dylib
0x00000000230de000 	/System/Library/Frameworks/CFNetwork.framework/Versions/A/CFNetwork
0x00000000230de000 	/System/Library/Frameworks/SystemConfiguration.framework/Versions/A/SystemConfiguration
0x00000000230de000 	/usr/lib/libCRFSuite.dylib
0x00000000230de000 	/usr/lib/libc++.1.dylib
0x00000000230de000 	/usr/lib/libc++abi.dylib
0x00000000230de000 	/usr/lib/system/libcache.dylib
0x00000000230de000 	/usr/lib/system/libcommonCrypto.dylib
0x00000000230de000 	/usr/lib/system/libcompiler_rt.dylib
0x00000000230de000 	/usr/lib/system/libcopyfile.dylib
0x00000000230de000 	/usr/lib/system/libcorecrypto.dylib
0x00000000230de000 	/usr/lib/system/libdispatch.dylib
0x00000000230de000 	/usr/lib/system/libdyld.dylib
0x00000000230de000 	/usr/lib/system/libkeymgr.dylib
0x00000000230de000 	/usr/lib/system/liblaunch.dylib
0x00000000230de000 	/usr/lib/system/libmacho.dylib
0x00000000230de000 	/usr/lib/system/libquarantine.dylib
0x00000000230de000 	/usr/lib/system/libremovefile.dylib
0x00000000230de000 	/usr/lib/system/libsystem_asl.dylib
0x00000000230de000 	/usr/lib/system/libsystem_blocks.dylib
0x00000000230de000 	/usr/lib/system/libsystem_c.dylib
0x00000000230de000 	/usr/lib/system/libsystem_configuration.dylib
0x00000000230de000 	/usr/lib/system/libsystem_coreservices.dylib
0x00000000230de000 	/usr/lib/system/libsystem_darwin.dylib
0x00000000230de000 	/usr/lib/system/libsystem_dnssd.dylib
0x00000000230de000 	/usr/lib/system/libsystem_info.dylib
0x00000000230de000 	/usr/lib/system/libsystem_m.dylib
0x00000000230de000 	/usr/lib/system/libsystem_malloc.dylib
0x00000000230de000 	/usr/lib/system/libsystem_network.dylib
0x00000000230de000 	/usr/lib/system/libsystem_networkextension.dylib
0x00000000230de000 	/usr/lib/system/libsystem_notify.dylib
0x00000000230de000 	/usr/lib/system/libsystem_sandbox.dylib
0x00000000230de000 	/usr/lib/system/libsystem_secinit.dylib
0x00000000230de000 	/usr/lib/system/libsystem_kernel.dylib
0x00000000230de000 	/usr/lib/system/libsystem_platform.dylib
0x00000000230de000 	/usr/lib/system/libsystem_pthread.dylib
0x00000000230de000 	/usr/lib/system/libsystem_symptoms.dylib
0x00000000230de000 	/usr/lib/system/libsystem_trace.dylib
0x00000000230de000 	/usr/lib/system/libunwind.dylib
0x00000000230de000 	/usr/lib/system/libxpc.dylib
0x00000000230de000 	/usr/lib/closure/libclosured.dylib
0x00000000230de000 	/usr/lib/libbsm.0.dylib
0x00000000230de000 	/usr/lib/system/libkxld.dylib
0x00000000230de000 	/usr/lib/libOpenScriptingUtil.dylib
0x00000000230de000 	/usr/lib/libcoretls.dylib
0x00000000230de000 	/usr/lib/libcoretls_cfhelpers.dylib
0x00000000230de000 	/usr/lib/libpam.2.dylib
0x00000000230de000 	/usr/lib/libsqlite3.dylib
0x00000000230de000 	/usr/lib/libxar.1.dylib
0x00000000230de000 	/usr/lib/libbz2.1.0.dylib
0x00000000230de000 	/usr/lib/liblzma.5.dylib
0x00000000230de000 	/usr/lib/libnetwork.dylib
0x00000000230de000 	/usr/lib/libapple_nghttp2.dylib
0x00000000230de000 	/usr/lib/libpcap.A.dylib
0x00000000230de000 	/usr/lib/libboringssl.dylib
0x00000000230de000 	/usr/lib/libusrtcp.dylib
0x00000000230de000 	/usr/lib/libapple_crypto.dylib
0x00000000230de000 	/System/Library/Frameworks/CoreServices.framework/Versions/A/Frameworks/FSEvents.framework/Versions/A/FSEvents
0x00000000230de000 	/System/Library/Frameworks/CoreServices.framework/Versions/A/Frameworks/CarbonCore.framework/Versions/A/CarbonCore
0x00000000230de000 	/System/Library/Frameworks/CoreServices.framework/Versions/A/Frameworks/Metadata.framework/Versions/A/Metadata
0x00000000230de000 	/System/Library/Frameworks/CoreServices.framework/Versions/A/Frameworks/OSServices.framework/Versions/A/OSServices
0x00000000230de000 	/System/Library/Frameworks/CoreServices.framework/Versions/A/Frameworks/SearchKit.framework/Versions/A/SearchKit
0x00000000230de000 	/System/Library/Frameworks/CoreServices.framework/Versions/A/Frameworks/AE.framework/Versions/A/AE
0x00000000230de000 	/System/Library/Frameworks/CoreServices.framework/Versions/A/Frameworks/LaunchServices.framework/Versions/A/LaunchServices
0x00000000230de000 	/System/Library/Frameworks/CoreServices.framework/Versions/A/Frameworks/DictionaryServices.framework/Versions/A/DictionaryServices
0x00000000230de000 	/System/Library/Frameworks/CoreServices.framework/Versions/A/Frameworks/SharedFileList.framework/Versions/A/SharedFileList
0x00000000230de000 	/System/Library/Frameworks/NetFS.framework/Versions/A/NetFS
0x00000000230de000 	/System/Library/PrivateFrameworks/NetAuth.framework/Versions/A/NetAuth
0x00000000230de000 	/System/Library/PrivateFrameworks/login.framework/Versions/A/Frameworks/loginsupport.framework/Versions/A/loginsupport
0x00000000230de000 	/System/Library/PrivateFrameworks/TCC.framework/Versions/A/TCC
0x00000000230de000 	/usr/lib/libmecabra.dylib
0x00000000230de000 	/System/Library/Frameworks/ApplicationServices.framework/Versions/A/Frameworks/ATS.framework/Versions/A/ATS
0x00000000230de000 	/System/Library/Frameworks/ApplicationServices.framework/Versions/A/Frameworks/ColorSyncLegacy.framework/Versions/A/ColorSyncLegacy
0x00000000230de000 	/System/Library/Frameworks/ApplicationServices.framework/Versions/A/Frameworks/HIServices.framework/Versions/A/HIServices
0x00000000230de000 	/System/Library/Frameworks/ApplicationServices.framework/Versions/A/Frameworks/LangAnalysis.framework/Versions/A/LangAnalysis
0x00000000230de000 	/System/Library/Frameworks/ApplicationServices.framework/Versions/A/Frameworks/PrintCore.framework/Versions/A/PrintCore
0x00000000230de000 	/System/Library/Frameworks/ApplicationServices.framework/Versions/A/Frameworks/QD.framework/Versions/A/QD
0x00000000230de000 	/System/Library/Frameworks/ApplicationServices.framework/Versions/A/Frameworks/SpeechSynthesis.framework/Versions/A/SpeechSynthesis
0x00000000230de000 	/System/Library/Frameworks/CoreDisplay.framework/Versions/A/CoreDisplay
0x00000000230de000 	/System/Library/Frameworks/Accelerate.framework/Versions/A/Frameworks/vImage.framework/Versions/A/vImage
0x00000000230de000 	/System/Library/Frameworks/Accelerate.framework/Versions/A/Frameworks/vecLib.framework/Versions/A/vecLib
0x00000000230de000 	/System/Library/Frameworks/Accelerate.framework/Versions/A/Frameworks/vecLib.framework/Versions/A/libvDSP.dylib
0x00000000230de000 	/System/Library/Frameworks/Accelerate.framework/Versions/A/Frameworks/vecLib.framework/Versions/A/libBNNS.dylib
0x00000000230de000 	/System/Library/Frameworks/Accelerate.framework/Versions/A/Frameworks/vecLib.framework/Versions/A/libQuadrature.dylib
0x00000000230de000 	/System/Library/Frameworks/Accelerate.framework/Versions/A/Frameworks/vecLib.framework/Versions/A/libvMisc.dylib
0x00000000230de000 	/System/Library/Frameworks/Accelerate.framework/Versions/A/Frameworks/vecLib.framework/Versions/A/libLAPACK.dylib
0x00000000230de000 	/System/Library/Frameworks/Accelerate.framework/Versions/A/Frameworks/vecLib.framework/Versions/A/libBLAS.dylib
0x00000000230de000 	/System/Library/Frameworks/Accelerate.framework/Versions/A/Frameworks/vecLib.framework/Versions/A/libLinearAlgebra.dylib
0x00000000230de000 	/System/Library/Frameworks/Accelerate.framework/Versions/A/Frameworks/vecLib.framework/Versions/A/libSparse.dylib
0x00000000230de000 	/System/Library/Frameworks/Accelerate.framework/Versions/A/Frameworks/vecLib.framework/Versions/A/libSparseBLAS.dylib
0x00000000230de000 	/System/Library/PrivateFrameworks/GPUWrangler.framework/Versions/A/GPUWrangler
0x00000000230de000 	/System/Library/PrivateFrameworks/IOAccelerator.framework/Versions/A/IOAccelerator
0x00000000230de000 	/System/Library/PrivateFrameworks/IOPresentment.framework/Versions/A/IOPresentment
0x00000000230de000 	/System/Library/PrivateFrameworks/DSExternalDisplay.framework/Versions/A/DSExternalDisplay
0x00000000230de000 	/System/Library/Frameworks/OpenGL.framework/Versions/A/Libraries/libCoreFSCache.dylib
0x00000000230de000 	/System/Library/Frameworks/CoreVideo.framework/Versions/A/CoreVideo
0x00000000230de000 	/System/Library/PrivateFrameworks/GraphVisualizer.framework/Versions/A/GraphVisualizer
0x00000000230de000 	/System/Library/Frameworks/MetalPerformanceShaders.framework/Versions/A/MetalPerformanceShaders
0x00000000230de000 	/usr/lib/libFosl_dynamic.dylib
0x00000000230de000 	/System/Library/PrivateFrameworks/FaceCore.framework/Versions/A/FaceCore
0x00000000230de000 	/System/Library/Frameworks/OpenCL.framework/Versions/A/OpenCL
0x00000000230de000 	/usr/lib/libcompression.dylib
0x00000000230de000 	/System/Library/Frameworks/ApplicationServices.framework/Versions/A/Frameworks/ATS.framework/Versions/A/Resources/libFontParser.dylib
0x00000000230de000 	/System/Library/Frameworks/ApplicationServices.framework/Versions/A/Frameworks/ATS.framework/Versions/A/Resources/libFontRegistry.dylib
0x00000000230de000 	/System/Library/Frameworks/ImageIO.framework/Versions/A/Resources/libJPEG.dylib
0x00000000230de000 	/System/Library/Frameworks/ImageIO.framework/Versions/A/Resources/libTIFF.dylib
0x00000000230de000 	/System/Library/Frameworks/ImageIO.framework/Versions/A/Resources/libPng.dylib
0x00000000230de000 	/System/Library/Frameworks/ImageIO.framework/Versions/A/Resources/libGIF.dylib
0x00000000230de000 	/System/Library/Frameworks/ImageIO.framework/Versions/A/Resources/libJP2.dylib
0x00000000230de000 	/System/Library/Frameworks/ImageIO.framework/Versions/A/Resources/libRadiance.dylib
0x00000000230de000 	/System/Library/PrivateFrameworks/AppleJPEG.framework/Versions/A/AppleJPEG
0x00000000230de000 	/System/Library/Frameworks/MetalPerformanceShaders.framework/Frameworks/MPSCore.framework/Versions/A/MPSCore
0x00000000230de000 	/System/Library/Frameworks/MetalPerformanceShaders.framework/Frameworks/MPSImage.framework/Versions/A/MPSImage
0x00000000230de000 	/System/Library/Frameworks/MetalPerformanceShaders.framework/Frameworks/MPSNeuralNetwork.framework/Versions/A/MPSNeuralNetwork
0x00000000230de000 	/System/Library/Frameworks/MetalPerformanceShaders.framework/Frameworks/MPSMatrix.framework/Versions/A/MPSMatrix
0x00000000230de000 	/System/Library/PrivateFrameworks/MetalTools.framework/Versions/A/MetalTools
0x00000000230de000 	/System/Library/Frameworks/OpenGL.framework/Versions/A/Libraries/libGLU.dylib
0x00000000230de000 	/System/Library/Frameworks/OpenGL.framework/Versions/A/Libraries/libGFXShared.dylib
0x00000000230de000 	/System/Library/Frameworks/OpenGL.framework/Versions/A/Libraries/libGL.dylib
0x00000000230de000 	/System/Library/Frameworks/OpenGL.framework/Versions/A/Libraries/libGLImage.dylib
0x00000000230de000 	/System/Library/Frameworks/OpenGL.framework/Versions/A/Libraries/libCVMSPluginSupport.dylib
0x00000000230de000 	/System/Library/Frameworks/OpenGL.framework/Versions/A/Libraries/libCoreVMClient.dylib
0x00000000230de000 	/usr/lib/libcups.2.dylib
0x00000000230de000 	/System/Library/Frameworks/Kerberos.framework/Versions/A/Kerberos
0x00000000230de000 	/System/Library/Frameworks/GSS.framework/Versions/A/GSS
0x00000000230de000 	/usr/lib/libresolv.9.dylib
0x00000000230de000 	/usr/lib/libiconv.2.dylib
0x00000000230de000 	/System/Library/PrivateFrameworks/Heimdal.framework/Versions/A/Heimdal
0x00000000230de000 	/usr/lib/libheimdal-asn1.dylib
0x00000000230de000 	/System/Library/Frameworks/OpenDirectory.framework/Versions/A/OpenDirectory
0x00000000230de000 	/System/Library/PrivateFrameworks/CommonAuth.framework/Versions/A/CommonAuth
0x00000000230de000 	/System/Library/Frameworks/OpenDirectory.framework/Versions/A/Frameworks/CFOpenDirectory.framework/Versions/A/CFOpenDirectory
0x00000000230de000 	/System/Library/Frameworks/SecurityFoundation.framework/Versions/A/SecurityFoundation
0x00000000230de000 	/System/Library/PrivateFrameworks/APFS.framework/Versions/A/APFS
0x00000000230de000 	/usr/lib/libutil.dylib
0x00000000230de000 	/System/Library/PrivateFrameworks/AppleSauce.framework/Versions/A/AppleSauce
0x00000000230de000 	/System/Library/PrivateFrameworks/LinguisticData.framework/Versions/A/LinguisticData
0x00000000230de000 	/usr/lib/libmarisa.dylib
0x00000000230de000 	/System/Library/PrivateFrameworks/Lexicon.framework/Versions/A/Lexicon
0x00000000230de000 	/usr/lib/libChineseTokenizer.dylib
0x00000000230de000 	/usr/lib/libcmph.dylib
0x00000000230de000 	/System/Library/PrivateFrameworks/LanguageModeling.framework/Versions/A/LanguageModeling
0x00000000230de000 	/System/Library/PrivateFrameworks/CoreEmoji.framework/Versions/A/CoreEmoji
0x00000000230de000 	/System/Library/Frameworks/ServiceManagement.framework/Versions/A/ServiceManagement
0x00000000230de000 	/System/Library/PrivateFrameworks/BackgroundTaskManagement.framework/Versions/A/BackgroundTaskManagement
0x00000000230de000 	/usr/lib/libxslt.1.dylib
0x00000000230de000 	/System/Library/Frameworks/Carbon.framework/Versions/A/Frameworks/Ink.framework/Versions/A/Ink
0x00000000230de000 	/System/Library/PrivateFrameworks/TextureIO.framework/Versions/A/TextureIO
0x00000000230de000 	/usr/lib/libate.dylib
0x00000000230de000 	/System/Library/PrivateFrameworks/CrashReporterSupport.framework/Versions/A/CrashReporterSupport
0x00000000230de000 	/System/Library/PrivateFrameworks/Sharing.framework/Versions/A/Sharing
0x00000000230de000 	/System/Library/PrivateFrameworks/IconServices.framework/Versions/A/IconServices
0x00000000230de000 	/System/Library/PrivateFrameworks/Apple80211.framework/Versions/A/Apple80211
0x00000000230de000 	/System/Library/PrivateFrameworks/CoreUtils.framework/Versions/A/CoreUtils
0x00000000230de000 	/System/Library/Frameworks/CoreWLAN.framework/Versions/A/CoreWLAN
0x00000000230de000 	/System/Library/Frameworks/IOBluetooth.framework/Versions/A/IOBluetooth
0x00000000230de000 	/System/Library/PrivateFrameworks/ProtocolBuffer.framework/Versions/A/ProtocolBuffer
0x00000000230de000 	/System/Library/PrivateFrameworks/CoreWiFi.framework/Versions/A/CoreWiFi
0x00000000230de000 	/System/Library/Frameworks/CoreBluetooth.framework/Versions/A/CoreBluetooth
0x00000000230de000 	/System/Library/PrivateFrameworks/DebugSymbols.framework/Versions/A/DebugSymbols
0x00000000230de000 	/System/Library/PrivateFrameworks/CoreSymbolication.framework/Versions/A/CoreSymbolication
0x00000000230de000 	/System/Library/PrivateFrameworks/Symbolication.framework/Versions/A/Symbolication
0x00000000230de000 	/System/Library/PrivateFrameworks/AppleFSCompression.framework/Versions/A/AppleFSCompression
0x00000000230de000 	/System/Library/PrivateFrameworks/SpeechRecognitionCore.framework/Versions/A/SpeechRecognitionCore
0x0000000111000000 	/Library/Java/JavaVirtualMachines/jdk1.8.0_161.jdk/Contents/Home/jre/lib/server/libjvm.dylib
0x00000000230de000 	/usr/lib/libstdc++.6.0.9.dylib
0x000000010fe68000 	/Library/Java/JavaVirtualMachines/jdk1.8.0_161.jdk/Contents/Home/jre/lib/libverify.dylib
0x000000010fe76000 	/Library/Java/JavaVirtualMachines/jdk1.8.0_161.jdk/Contents/Home/jre/lib/libjava.dylib
0x000000010fef6000 	/Library/Java/JavaVirtualMachines/jdk1.8.0_161.jdk/Contents/Home/jre/lib/libzip.dylib
0x000000011a6fb000 	/Library/Java/JavaVirtualMachines/jdk1.8.0_161.jdk/Contents/Home/jre/lib/libawt.dylib
0x000000011a7a5000 	/Library/Java/JavaVirtualMachines/jdk1.8.0_161.jdk/Contents/Home/jre/lib/./libmlib_image.dylib
0x00000000230de000 	/System/Library/Frameworks/JavaVM.framework/Versions/A/Frameworks/JavaNativeFoundation.framework/Versions/A/JavaNativeFoundation
0x00000000230de000 	/System/Library/Frameworks/JavaVM.framework/Versions/A/Frameworks/JavaRuntimeSupport.framework/Versions/A/JavaRuntimeSupport
0x00000000230de000 	/System/Library/Frameworks/JavaVM.framework/Versions/A/JavaVM
0x00000000230de000 	/System/Library/PrivateFrameworks/JavaLaunching.framework/Versions/A/JavaLaunching
0x00000000230de000 	/System/Library/Frameworks/Carbon.framework/Versions/A/Carbon
0x00000000230de000 	/System/Library/Frameworks/Carbon.framework/Versions/A/Frameworks/CommonPanels.framework/Versions/A/CommonPanels
0x00000000230de000 	/System/Library/Frameworks/Carbon.framework/Versions/A/Frameworks/Help.framework/Versions/A/Help
0x00000000230de000 	/System/Library/Frameworks/Carbon.framework/Versions/A/Frameworks/ImageCapture.framework/Versions/A/ImageCapture
0x00000000230de000 	/System/Library/Frameworks/Carbon.framework/Versions/A/Frameworks/OpenScripting.framework/Versions/A/OpenScripting
0x00000000230de000 	/System/Library/Frameworks/Carbon.framework/Versions/A/Frameworks/Print.framework/Versions/A/Print
0x00000000230de000 	/System/Library/Frameworks/Carbon.framework/Versions/A/Frameworks/SecurityHI.framework/Versions/A/SecurityHI
0x000000011a871000 	/Library/Java/JavaVirtualMachines/jdk1.8.0_161.jdk/Contents/Home/jre/lib/libawt_lwawt.dylib
0x000000011a92b000 	/Library/Java/JavaVirtualMachines/jdk1.8.0_161.jdk/Contents/Home/jre/lib/./libosxapp.dylib
0x00000000230de000 	/System/Library/Frameworks/ExceptionHandling.framework/Versions/A/ExceptionHandling
0x00000000230de000 	/System/Library/PrivateFrameworks/CoreServicesInternal.framework/Versions/A/CoreServicesInternal
0x00000000230de000 	/System/Library/CoreServices/RawCamera.bundle/Contents/MacOS/RawCamera
0x00000000230de000 	/System/Library/PrivateFrameworks/MobileAsset.framework/Versions/A/MobileAsset
0x00000000230de000 	/System/Library/PrivateFrameworks/StreamingZip.framework/Versions/A/StreamingZip
0x00000000230de000 	/System/Library/Frameworks/MediaToolbox.framework/Versions/A/MediaToolbox
0x00000000230de000 	/System/Library/PrivateFrameworks/CoreAVCHD.framework/Versions/A/CoreAVCHD
0x00000000230de000 	/System/Library/Frameworks/MediaAccessibility.framework/Versions/A/MediaAccessibility
0x00000000230de000 	/System/Library/PrivateFrameworks/Mangrove.framework/Versions/A/Mangrove
0x00000000230de000 	/System/Library/Frameworks/CoreMedia.framework/Versions/A/CoreMedia
0x00000000230de000 	/System/Library/Frameworks/VideoToolbox.framework/Versions/A/VideoToolbox
0x00000000230de000 	/System/Library/PrivateFrameworks/CoreAUC.framework/Versions/A/CoreAUC
0x00000000230de000 	/usr/lib/libspindump.dylib
0x00000000230de000 	/System/Library/PrivateFrameworks/AppleVA.framework/Versions/A/AppleVA
0x00000000230de000 	/System/Library/Frameworks/Accelerate.framework/Versions/A/Frameworks/vImage.framework/Versions/A/Libraries/libCGInterfaces.dylib
0x00000000230de000 	/System/Library/Frameworks/ApplicationServices.framework/Versions/A/Frameworks/ATS.framework/Versions/A/Resources/libTrueTypeScaler.dylib
0x00000000230de000 	/System/Library/Extensions/AppleIntelKBLGraphicsMTLDriver.bundle/Contents/MacOS/AppleIntelKBLGraphicsMTLDriver
0x000000011d10c000 	/System/Library/Extensions/AMDMTLBronzeDriver.bundle/Contents/MacOS/AMDMTLBronzeDriver
0x00000000230de000 	/System/Library/PrivateFrameworks/IOAccelMemoryInfo.framework/Versions/A/IOAccelMemoryInfo
0x00000000230de000 	/System/Library/PrivateFrameworks/GPUCompiler.framework/Versions/3802/Libraries/libmetal_timestamp.dylib
0x00000000230de000 	/System/Library/PrivateFrameworks/FamilyControls.framework/Versions/A/FamilyControls
0x00000000230de000 	/System/Library/PrivateFrameworks/CommerceKit.framework/Versions/A/Frameworks/CommerceCore.framework/Versions/A/CommerceCore
0x00000000230de000 	/System/Library/PrivateFrameworks/SystemAdministration.framework/Versions/A/SystemAdministration
0x00000000230de000 	/System/Library/PrivateFrameworks/AppContainer.framework/Versions/A/AppContainer
0x00000000230de000 	/System/Library/PrivateFrameworks/SecCodeWrapper.framework/Versions/A/SecCodeWrapper
0x00000000230de000 	/System/Library/PrivateFrameworks/DiskManagement.framework/Versions/A/DiskManagement
0x00000000230de000 	/System/Library/Frameworks/DirectoryService.framework/Versions/A/DirectoryService
0x00000000230de000 	/System/Library/PrivateFrameworks/DiskImages.framework/Versions/A/DiskImages
0x00000000230de000 	/System/Library/PrivateFrameworks/LoginUIKit.framework/Versions/A/Frameworks/LoginUICore.framework/Versions/A/LoginUICore
0x00000000230de000 	/usr/lib/libCoreStorage.dylib
0x00000000230de000 	/usr/lib/libcsfde.dylib
0x00000000230de000 	/usr/lib/libodfde.dylib
0x00000000230de000 	/System/Library/PrivateFrameworks/MediaKit.framework/Versions/A/MediaKit
0x00000000230de000 	/System/Library/Frameworks/DiscRecording.framework/Versions/A/DiscRecording
0x00000000230de000 	/System/Library/PrivateFrameworks/EFILogin.framework/Versions/A/EFILogin
0x00000000230de000 	/System/Library/PrivateFrameworks/ProtectedCloudStorage.framework/Versions/A/ProtectedCloudStorage
0x00000000230de000 	/usr/lib/libcurl.4.dylib
0x00000000230de000 	/usr/lib/libcrypto.35.dylib
0x00000000230de000 	/usr/lib/libssl.35.dylib
0x00000000230de000 	/System/Library/Frameworks/LDAP.framework/Versions/A/LDAP
0x00000000230de000 	/System/Library/PrivateFrameworks/TrustEvaluationAgent.framework/Versions/A/TrustEvaluationAgent
0x00000000230de000 	/usr/lib/libsasl2.2.dylib
0x00000000230de000 	/System/Library/PrivateFrameworks/CoreDaemon.framework/Versions/B/CoreDaemon
0x00000000230de000 	/System/Library/PrivateFrameworks/AppleSRP.framework/Versions/A/AppleSRP
0x00000000230de000 	/System/Library/Frameworks/OpenGL.framework/Versions/A/Resources/GLEngine.bundle/GLEngine
0x00000000230de000 	/System/Library/Frameworks/OpenGL.framework/Versions/A/Libraries/libGLProgrammability.dylib
0x000000012d6f9000 	/System/Library/Extensions/AppleIntelKBLGraphicsGLDriver.bundle/Contents/MacOS/AppleIntelKBLGraphicsGLDriver
0x00000000230de000 	/System/Library/PrivateFrameworks/GPUSupport.framework/Versions/A/Libraries/libGPUSupportMercury.dylib
0x000000012e8b4000 	/System/Library/Extensions/AMDRadeonX4000GLDriver.bundle/Contents/MacOS/AMDRadeonX4000GLDriver
0x00000000230de000 	/System/Library/Extensions/AMDRadeonX4000GLDriver.bundle/Contents/MacOS/ATIRadeonX4000SCLib.dylib
0x00000000230de000 	/System/Library/Frameworks/OpenGL.framework/Versions/A/Resources/GLRendererFloat.bundle/GLRendererFloat
0x00000000230de000 	/System/Library/Frameworks/OpenCL.framework/Versions/A/Libraries/libcldcpuengine.dylib
0x000000012ee8c000 	/Library/Java/JavaVirtualMachines/jdk1.8.0_161.jdk/Contents/Home/jre/lib/libfontmanager.dylib
0x000000012f202000 	/Library/Java/JavaVirtualMachines/jdk1.8.0_161.jdk/Contents/Home/jre/lib/libosxui.dylib
0x00000000230de000 	/System/Library/PrivateFrameworks/ViewBridge.framework/Versions/A/ViewBridge
0x000000013008f000 	/Library/Java/JavaVirtualMachines/jdk1.8.0_161.jdk/Contents/Home/jre/lib/libmanagement.dylib
0x000000013009d000 	/Library/Java/JavaVirtualMachines/jdk1.8.0_161.jdk/Contents/Home/jre/lib/libnio.dylib
0x00000001300ad000 	/Library/Java/JavaVirtualMachines/jdk1.8.0_161.jdk/Contents/Home/jre/lib/./libnet.dylib
0x000000011a3f8000 	/Library/Java/JavaVirtualMachines/jdk1.8.0_161.jdk/Contents/Home/jre/lib/libjawt.dylib
0x000000011a3fb000 	/private/var/folders/7s/4_j1czh902x9bp_c4pwd95w0z4j_45/T/jna--1395744658/jna4898687135691092026.tmp
0x000000011a586000 	/Library/Java/JavaVirtualMachines/jdk1.8.0_161.jdk/Contents/Home/jre/lib/libsunec.dylib
0x000000011af5c000 	/Library/Java/JavaVirtualMachines/jdk1.8.0_161.jdk/Contents/Home/jre/lib/libt2k.dylib
0x00000000230de000 	/System/Library/PrivateFrameworks/login.framework/Versions/A/login
0x000000012ef88000 	/Library/Java/JavaVirtualMachines/jdk1.8.0_161.jdk/Contents/Home/jre/lib/libdcpr.dylib
0x00000000230de000 	/System/Library/PrivateFrameworks/Shortcut.framework/Versions/A/Shortcut
0x00000000230de000 	/System/Library/PrivateFrameworks/HelpData.framework/Versions/A/HelpData

VM Arguments:
jvm_args: -Xmx1g -XX:MetaspaceSize=128m -Djsse.enableCBCProtection=false -Dawt.useSystemAAFontSettings=on 
java_command: com.aquafold.datastudio.DataStudio
java_class_path (initial): /Applications/datastudio/lib/ads.jar:/Applications/datastudio/lib/aqua-lib.jar:/Applications/datastudio/lib/antlr/antlr-complete.jar:/Applications/datastudio/lib/apache/jackson-dataformat-csv.jar:/Applications/datastudio/lib/apache/miglayout-swing.jar:/Applications/datastudio/lib/apache/apache-ant-launcher.jar:/Applications/datastudio/lib/apache/commons-codec.jar:/Applications/datastudio/lib/apache/commons-email.jar:/Applications/datastudio/lib/apache/commons-math3.jar:/Applications/datastudio/lib/apache/commons-lang.jar:/Applications/datastudio/lib/apache/commons-httpclient.jar:/Applications/datastudio/lib/apache/commons-dbcp.jar:/Applications/datastudio/lib/apache/commons-primitives.jar:/Applications/datastudio/lib/apache/apache-xalan.jar:/Applications/datastudio/lib/apache/xmlbeans.jar:/Applications/datastudio/lib/apache/poi-ooxml.jar:/Applications/datastudio/lib/apache/commons-pool.jar:/Applications/datastudio/lib/apache/velocity.jar:/Applications/datastudio/lib/apache/commons-io.jar:/Applications/datastudio/lib/apache/apache-log4j.jar:/Applications/datastudio/lib/apache/commons-logging.jar:/Applications/datastudio/lib/apache/miglayout.jar:/Applications/datastudio/lib/apache/commons-dbutils.jar:/Applications/datastudio/lib/apache/jackson-databind.jar:/Applications/datastudio/lib/apache/commons-net.jar:/Applications/datastudio/lib/apache/commons-transaction.jar:/Applications/datastudio/lib/apache/table-layout.jar:/Applications/datastudio/lib/apache/commons-beanutils.jar:/Applications/datastudio/lib/apache/apache-ant-commons-net.jar:/Applications/datastudio/lib/apache/tidy.jar:/Applications/datastudio/lib/apache/apache-batik.jar:/Applications/datastudio/lib/apache/poi.jar:/Applications/datastudio/lib/apache/apache-ant.jar:/Applications/datastudio/lib/apache/commons-configuration.jar:/Applications/datastudio/lib/apache/hadoop-common.jar:/Applications/datastudio/lib/apache/commons-xmlgraphics.jar:/Applications/datastudio/lib/apache/apach
Launcher Type: SUN_STANDARD

Environment Variables:
PATH=/Users/andres.santamaria/Downloads/google-cloud-sdk/bin:/Users/andres.santamaria/.nvm/versions/node/v8.9.4/bin:/usr/local/bin:/usr/bin:/bin:/usr/sbin:/sbin:/Applications/VMware Fusion.app/Contents/Public:/opt/X11/bin:/Library/Frameworks/Mono.framework/Versions/Current/Commands
SHELL=/bin/zsh
DISPLAY=/private/tmp/com.apple.launchd.46X3sKFvK9/org.macosforge.xquartz:0

Signal Handlers:
SIGSEGV: [libjvm.dylib+0x5b5439], sa_mask[0]=11111111011111110111111111111111, sa_flags=SA_ONSTACK|SA_RESTART|SA_SIGINFO
SIGBUS: [libjvm.dylib+0x5b5439], sa_mask[0]=11111111011111110111111111111111, sa_flags=SA_RESTART|SA_SIGINFO
SIGFPE: [libjvm.dylib+0x48ae24], sa_mask[0]=11111111011111110111111111111111, sa_flags=SA_RESTART|SA_SIGINFO
SIGPIPE: [libjvm.dylib+0x48ae24], sa_mask[0]=11111111011111110111111111111111, sa_flags=SA_RESTART|SA_SIGINFO
SIGXFSZ: [libjvm.dylib+0x48ae24], sa_mask[0]=11111111011111110111111111111111, sa_flags=SA_RESTART|SA_SIGINFO
SIGILL: [libjvm.dylib+0x48ae24], sa_mask[0]=11111111011111110111111111111111, sa_flags=SA_RESTART|SA_SIGINFO
SIGUSR1: SIG_DFL, sa_mask[0]=00000000000000000000000000000000, sa_flags=SA_RESTART
SIGUSR2: [libjvm.dylib+0x48a942], sa_mask[0]=00000000000000000000000000000000, sa_flags=SA_RESTART|SA_SIGINFO
SIGHUP: [libjvm.dylib+0x488f0d], sa_mask[0]=11111111011111110111111111111111, sa_flags=SA_RESTART|SA_SIGINFO
SIGINT: [libjvm.dylib+0x488f0d], sa_mask[0]=11111111011111110111111111111111, sa_flags=SA_RESTART|SA_SIGINFO
SIGTERM: [libjvm.dylib+0x488f0d], sa_mask[0]=11111111011111110111111111111111, sa_flags=SA_RESTART|SA_SIGINFO
SIGQUIT: [libjvm.dylib+0x488f0d], sa_mask[0]=11111111011111110111111111111111, sa_flags=SA_RESTART|SA_SIGINFO


---------------  S Y S T E M  ---------------

OS:Bsduname:Darwin 17.6.0 Darwin Kernel Version 17.6.0: Tue May  8 15:22:16 PDT 2018; root:xnu-4570.61.1~1/RELEASE_X86_64 x86_64
rlimit: STACK 8192k, CORE 0k, NPROC 1418, NOFILE 10240, AS infinity
load average:3.18 3.16 2.99

CPU:total 8 (initial active 8) (4 cores per cpu, 2 threads per core) family 6 model 158 stepping 9, cmov, cx8, fxsr, mmx, sse, sse2, sse3, ssse3, sse4.1, sse4.2, popcnt, avx, avx2, aes, clmul, erms, rtm, 3dnowpref, lzcnt, ht, tsc, tscinvbit, bmi1, bmi2, adx

Memory: 4k page, physical 16777216k(64144k free)

/proc/meminfo:


vm_info: Java HotSpot(TM) 64-Bit Server VM (25.161-b12) for bsd-amd64 JRE (1.8.0_161-b12), built on Dec 19 2017 16:22:20 by "java_re" with gcc 4.2.1 (Based on Apple Inc. build 5658) (LLVM build 2336.11.00)

time: Tue Dec 11 12:08:12 2018
elapsed time: 248525 seconds (2d 21h 2m 5s)

